2018-04-04 08:38:47.195  INFO 9774 --- [restartedMain] TrainingProjectCrudManytoManyApplication : Starting MohitJainTrainingProjectCrudManytoManyApplication on mohit with PID 9774 (/home/mohit/Documents/workspace-sts-3.9.2.RELEASE/MohitJain_TrainingProject-Crud-ManytoMany/target/classes started by mohit in /home/mohit/Documents/workspace-sts-3.9.2.RELEASE/MohitJain_TrainingProject-Crud-ManytoMany)
2018-04-04 08:38:47.196  INFO 9774 --- [restartedMain] TrainingProjectCrudManytoManyApplication : No active profile set, falling back to default profiles: default
2018-04-04 08:38:47.199  INFO 9774 --- [restartedMain] ationConfigEmbeddedWebApplicationContext : Refreshing org.springframework.boot.context.embedded.AnnotationConfigEmbeddedWebApplicationContext@ef951b2: startup date [Wed Apr 04 08:38:47 IST 2018]; root of context hierarchy
2018-04-04 08:38:47.486  INFO 9774 --- [restartedMain] trationDelegate$BeanPostProcessorChecker : Bean 'org.springframework.transaction.annotation.ProxyTransactionManagementConfiguration' of type [org.springframework.transaction.annotation.ProxyTransactionManagementConfiguration$$EnhancerBySpringCGLIB$$cec86492] is not eligible for getting processed by all BeanPostProcessors (for example: not eligible for auto-proxying)
2018-04-04 08:38:47.541  INFO 9774 --- [restartedMain] s.b.c.e.t.TomcatEmbeddedServletContainer : Tomcat initialized with port(s): 8080 (http)
2018-04-04 08:38:47.541  INFO 9774 --- [restartedMain] o.apache.catalina.core.StandardService   : Starting service [Tomcat]
2018-04-04 08:38:47.542  INFO 9774 --- [restartedMain] org.apache.catalina.core.StandardEngine  : Starting Servlet Engine: Apache Tomcat/8.5.27
2018-04-04 08:38:47.547  INFO 9774 --- [localhost-startStop-1] o.a.c.c.C.[Tomcat].[localhost].[/]       : Initializing Spring embedded WebApplicationContext
2018-04-04 08:38:47.547  INFO 9774 --- [localhost-startStop-1] o.s.web.context.ContextLoader            : Root WebApplicationContext: initialization completed in 348 ms
2018-04-04 08:38:47.593  INFO 9774 --- [localhost-startStop-1] o.s.b.w.servlet.FilterRegistrationBean   : Mapping filter: 'characterEncodingFilter' to: [/*]
2018-04-04 08:38:47.594  INFO 9774 --- [localhost-startStop-1] o.s.b.w.servlet.FilterRegistrationBean   : Mapping filter: 'hiddenHttpMethodFilter' to: [/*]
2018-04-04 08:38:47.594  INFO 9774 --- [localhost-startStop-1] o.s.b.w.servlet.FilterRegistrationBean   : Mapping filter: 'httpPutFormContentFilter' to: [/*]
2018-04-04 08:38:47.594  INFO 9774 --- [localhost-startStop-1] o.s.b.w.servlet.FilterRegistrationBean   : Mapping filter: 'requestContextFilter' to: [/*]
2018-04-04 08:38:47.594  INFO 9774 --- [localhost-startStop-1] .s.DelegatingFilterProxyRegistrationBean : Mapping filter: 'springSecurityFilterChain' to: [/*]
2018-04-04 08:38:47.595  INFO 9774 --- [localhost-startStop-1] o.s.b.w.servlet.ServletRegistrationBean  : Mapping servlet: 'dispatcherServlet' to [/]
2018-04-04 08:38:47.721  INFO 9774 --- [restartedMain] j.LocalContainerEntityManagerFactoryBean : Building JPA container EntityManagerFactory for persistence unit 'default'
2018-04-04 08:38:47.722  INFO 9774 --- [restartedMain] o.hibernate.jpa.internal.util.LogHelper  : HHH000204: Processing PersistenceUnitInfo [
	name: default
	...]
2018-04-04 08:38:47.729  INFO 9774 --- [restartedMain] org.hibernate.dialect.Dialect            : HHH000400: Using dialect: org.hibernate.dialect.MySQL5Dialect
2018-04-04 08:38:47.777  INFO 9774 --- [restartedMain] org.hibernate.tool.hbm2ddl.SchemaExport  : HHH000227: Running hbm2ddl schema export
2018-04-04 08:38:54.583  INFO 9774 --- [restartedMain] org.hibernate.tool.hbm2ddl.SchemaExport  : HHH000230: Schema export complete
2018-04-04 08:38:54.593  INFO 9774 --- [restartedMain] j.LocalContainerEntityManagerFactoryBean : Initialized JPA EntityManagerFactory for persistence unit 'default'
2018-04-04 08:38:54.704  INFO 9774 --- [restartedMain] o.h.h.i.QueryTranslatorFactoryInitiator  : HHH000397: Using ASTQueryTranslatorFactory
2018-04-04 08:38:54.904  INFO 9774 --- [restartedMain] o.s.s.web.DefaultSecurityFilterChain     : Creating filter chain: org.springframework.security.web.util.matcher.AnyRequestMatcher@1, [org.springframework.security.web.context.request.async.WebAsyncManagerIntegrationFilter@798a1856, org.springframework.security.web.context.SecurityContextPersistenceFilter@594f7da1, org.springframework.security.web.header.HeaderWriterFilter@38dd593d, org.springframework.security.web.authentication.logout.LogoutFilter@59bd6582, org.springframework.security.web.authentication.UsernamePasswordAuthenticationFilter@6d4d0539, org.springframework.security.web.authentication.ui.DefaultLoginPageGeneratingFilter@7b3dbd31, org.springframework.security.web.savedrequest.RequestCacheAwareFilter@22474c90, org.springframework.security.web.servletapi.SecurityContextHolderAwareRequestFilter@7081ed54, org.springframework.security.web.authentication.AnonymousAuthenticationFilter@5c4f8a01, org.springframework.security.web.session.SessionManagementFilter@73ff190c, org.springframework.security.web.access.ExceptionTranslationFilter@3579c151, org.springframework.security.web.access.intercept.FilterSecurityInterceptor@6e7adced]
2018-04-04 08:38:54.960  INFO 9774 --- [restartedMain] s.w.s.m.m.a.RequestMappingHandlerAdapter : Looking for @ControllerAdvice: org.springframework.boot.context.embedded.AnnotationConfigEmbeddedWebApplicationContext@ef951b2: startup date [Wed Apr 04 08:38:47 IST 2018]; root of context hierarchy
2018-04-04 08:38:54.969  INFO 9774 --- [restartedMain] s.w.s.m.m.a.RequestMappingHandlerMapping : Mapped "{[/updatecurrency],methods=[POST]}" onto public org.springframework.http.ResponseEntity<java.lang.Object> com.crud.demo.conroller.CoinManagementController.updateCurrency(com.crud.demo.model.CoinManagement)
2018-04-04 08:38:54.970  INFO 9774 --- [restartedMain] s.w.s.m.m.a.RequestMappingHandlerMapping : Mapped "{[/deletecurrency]}" onto public org.springframework.http.ResponseEntity<java.lang.Object> com.crud.demo.conroller.CoinManagementController.deleteCurrency(java.lang.Integer)
2018-04-04 08:38:54.970  INFO 9774 --- [restartedMain] s.w.s.m.m.a.RequestMappingHandlerMapping : Mapped "{[/addcurrancy],methods=[POST]}" onto public org.springframework.http.ResponseEntity<java.lang.Object> com.crud.demo.conroller.CoinManagementController.addCurrancy(com.crud.demo.model.CoinManagement)
2018-04-04 08:38:54.971  INFO 9774 --- [restartedMain] s.w.s.m.m.a.RequestMappingHandlerMapping : Mapped "{[/getallcurrency]}" onto public org.springframework.http.ResponseEntity<java.lang.Object> com.crud.demo.conroller.CoinManagementController.getAllCurrency()
2018-04-04 08:38:54.971  INFO 9774 --- [restartedMain] s.w.s.m.m.a.RequestMappingHandlerMapping : Mapped "{[/sendotp]}" onto public void com.crud.demo.conroller.OPTSMSConroller.sendOTPSMS(java.lang.String)
2018-04-04 08:38:54.972  INFO 9774 --- [restartedMain] s.w.s.m.m.a.RequestMappingHandlerMapping : Mapped "{[/verifyotp]}" onto public void com.crud.demo.conroller.OPTSMSConroller.verifyOTPSMS(java.lang.String)
2018-04-04 08:38:54.972  INFO 9774 --- [restartedMain] s.w.s.m.m.a.RequestMappingHandlerMapping : Mapped "{[/createrole],methods=[POST]}" onto public java.lang.String com.crud.demo.conroller.RoleController.createRole(com.crud.demo.model.Role)
2018-04-04 08:38:54.973  INFO 9774 --- [restartedMain] s.w.s.m.m.a.RequestMappingHandlerMapping : Mapped "{[/assignrole],methods=[POST]}" onto public void com.crud.demo.conroller.RoleController.assignRole(com.crud.demo.dto.UserRoleDTO)
2018-04-04 08:38:54.974  INFO 9774 --- [restartedMain] s.w.s.m.m.a.RequestMappingHandlerMapping : Mapped "{[/signup],methods=[POST]}" onto public org.springframework.http.ResponseEntity<java.lang.Object> com.crud.demo.conroller.UserController.addUser(com.crud.demo.model.User,java.lang.String)
2018-04-04 08:38:54.975  INFO 9774 --- [restartedMain] s.w.s.m.m.a.RequestMappingHandlerMapping : Mapped "{[/getbyuserid]}" onto public org.springframework.http.ResponseEntity<java.lang.Object> com.crud.demo.conroller.UserController.getUserById(java.lang.Integer,java.lang.String)
2018-04-04 08:38:54.975  INFO 9774 --- [restartedMain] s.w.s.m.m.a.RequestMappingHandlerMapping : Mapped "{[/getallusers]}" onto public org.springframework.http.ResponseEntity<java.lang.Object> com.crud.demo.conroller.UserController.getAllUser()
2018-04-04 08:38:54.975  INFO 9774 --- [restartedMain] s.w.s.m.m.a.RequestMappingHandlerMapping : Mapped "{[/updateuser],methods=[POST]}" onto public void com.crud.demo.conroller.UserController.updateUserById(com.crud.demo.model.User)
2018-04-04 08:38:54.976  INFO 9774 --- [restartedMain] s.w.s.m.m.a.RequestMappingHandlerMapping : Mapped "{[/deleteuser]}" onto public void com.crud.demo.conroller.UserController.deleteUserById(java.lang.Integer)
2018-04-04 08:38:54.976  INFO 9774 --- [restartedMain] s.w.s.m.m.a.RequestMappingHandlerMapping : Mapped "{[/addwallet]}" onto public java.lang.String com.crud.demo.conroller.UserWalletController.createWallet(com.crud.demo.model.User)
2018-04-04 08:38:54.977  INFO 9774 --- [restartedMain] s.w.s.m.m.a.RequestMappingHandlerMapping : Mapped "{[/depositamount]}" onto public java.lang.String com.crud.demo.conroller.UserWalletController.depositAmount(com.crud.demo.model.UserWallet)
2018-04-04 08:38:54.979  INFO 9774 --- [restartedMain] s.w.s.m.m.a.RequestMappingHandlerMapping : Mapped "{[/error],produces=[text/html]}" onto public org.springframework.web.servlet.ModelAndView org.springframework.boot.autoconfigure.web.BasicErrorController.errorHtml(javax.servlet.http.HttpServletRequest,javax.servlet.http.HttpServletResponse)
2018-04-04 08:38:54.979  INFO 9774 --- [restartedMain] s.w.s.m.m.a.RequestMappingHandlerMapping : Mapped "{[/error]}" onto public org.springframework.http.ResponseEntity<java.util.Map<java.lang.String, java.lang.Object>> org.springframework.boot.autoconfigure.web.BasicErrorController.error(javax.servlet.http.HttpServletRequest)
2018-04-04 08:38:54.987  INFO 9774 --- [restartedMain] o.s.w.s.handler.SimpleUrlHandlerMapping  : Mapped URL path [/webjars/**] onto handler of type [class org.springframework.web.servlet.resource.ResourceHttpRequestHandler]
2018-04-04 08:38:54.987  INFO 9774 --- [restartedMain] o.s.w.s.handler.SimpleUrlHandlerMapping  : Mapped URL path [/**] onto handler of type [class org.springframework.web.servlet.resource.ResourceHttpRequestHandler]
2018-04-04 08:38:54.999  INFO 9774 --- [restartedMain] o.s.w.s.handler.SimpleUrlHandlerMapping  : Mapped URL path [/**/favicon.ico] onto handler of type [class org.springframework.web.servlet.resource.ResourceHttpRequestHandler]
2018-04-04 08:38:55.054  INFO 9774 --- [restartedMain] o.s.b.d.a.OptionalLiveReloadServer       : LiveReload server is running on port 35729
2018-04-04 08:38:55.101  INFO 9774 --- [restartedMain] o.s.j.e.a.AnnotationMBeanExporter        : Registering beans for JMX exposure on startup
2018-04-04 08:38:55.110  INFO 9774 --- [restartedMain] s.b.c.e.t.TomcatEmbeddedServletContainer : Tomcat started on port(s): 8080 (http)
2018-04-04 08:38:55.113  INFO 9774 --- [restartedMain] TrainingProjectCrudManytoManyApplication : Started MohitJainTrainingProjectCrudManytoManyApplication in 7.955 seconds (JVM running for 6634.046)
2018-04-04 08:38:58.820  INFO 9774 --- [RMI TCP Connection(2)-127.0.0.1] inMXBeanRegistrar$SpringApplicationAdmin : Application shutdown requested.
2018-04-04 08:38:58.822  INFO 9774 --- [RMI TCP Connection(2)-127.0.0.1] ationConfigEmbeddedWebApplicationContext : Closing org.springframework.boot.context.embedded.AnnotationConfigEmbeddedWebApplicationContext@ef951b2: startup date [Wed Apr 04 08:38:47 IST 2018]; root of context hierarchy
2018-04-04 08:38:58.826  INFO 9774 --- [RMI TCP Connection(2)-127.0.0.1] o.s.j.e.a.AnnotationMBeanExporter        : Unregistering JMX-exposed beans on shutdown
2018-04-04 08:38:58.829  INFO 9774 --- [RMI TCP Connection(2)-127.0.0.1] j.LocalContainerEntityManagerFactoryBean : Closing JPA EntityManagerFactory for persistence unit 'default'
2018-04-04 08:40:10.387  INFO 16796 --- [restartedMain] TrainingProjectCrudManytoManyApplication : Starting MohitJainTrainingProjectCrudManytoManyApplication on mohit with PID 16796 (/home/mohit/Documents/workspace-sts-3.9.2.RELEASE/MohitJain_TrainingProject-Crud-ManytoMany/target/classes started by mohit in /home/mohit/Documents/workspace-sts-3.9.2.RELEASE/MohitJain_TrainingProject-Crud-ManytoMany)
2018-04-04 08:40:10.389  INFO 16796 --- [restartedMain] TrainingProjectCrudManytoManyApplication : No active profile set, falling back to default profiles: default
2018-04-04 08:40:10.441  INFO 16796 --- [restartedMain] ationConfigEmbeddedWebApplicationContext : Refreshing org.springframework.boot.context.embedded.AnnotationConfigEmbeddedWebApplicationContext@7aa8b630: startup date [Wed Apr 04 08:40:10 IST 2018]; root of context hierarchy
2018-04-04 08:40:11.741  INFO 16796 --- [restartedMain] trationDelegate$BeanPostProcessorChecker : Bean 'org.springframework.transaction.annotation.ProxyTransactionManagementConfiguration' of type [org.springframework.transaction.annotation.ProxyTransactionManagementConfiguration$$EnhancerBySpringCGLIB$$b4d30867] is not eligible for getting processed by all BeanPostProcessors (for example: not eligible for auto-proxying)
2018-04-04 08:40:12.095  INFO 16796 --- [restartedMain] s.b.c.e.t.TomcatEmbeddedServletContainer : Tomcat initialized with port(s): 8080 (http)
2018-04-04 08:40:12.106  INFO 16796 --- [restartedMain] o.apache.catalina.core.StandardService   : Starting service [Tomcat]
2018-04-04 08:40:12.107  INFO 16796 --- [restartedMain] org.apache.catalina.core.StandardEngine  : Starting Servlet Engine: Apache Tomcat/8.5.27
2018-04-04 08:40:12.193  INFO 16796 --- [localhost-startStop-1] o.a.c.c.C.[Tomcat].[localhost].[/]       : Initializing Spring embedded WebApplicationContext
2018-04-04 08:40:12.194  INFO 16796 --- [localhost-startStop-1] o.s.web.context.ContextLoader            : Root WebApplicationContext: initialization completed in 1756 ms
2018-04-04 08:40:12.350  INFO 16796 --- [localhost-startStop-1] o.s.b.w.servlet.FilterRegistrationBean   : Mapping filter: 'characterEncodingFilter' to: [/*]
2018-04-04 08:40:12.351  INFO 16796 --- [localhost-startStop-1] o.s.b.w.servlet.FilterRegistrationBean   : Mapping filter: 'hiddenHttpMethodFilter' to: [/*]
2018-04-04 08:40:12.351  INFO 16796 --- [localhost-startStop-1] o.s.b.w.servlet.FilterRegistrationBean   : Mapping filter: 'httpPutFormContentFilter' to: [/*]
2018-04-04 08:40:12.352  INFO 16796 --- [localhost-startStop-1] o.s.b.w.servlet.FilterRegistrationBean   : Mapping filter: 'requestContextFilter' to: [/*]
2018-04-04 08:40:12.353  INFO 16796 --- [localhost-startStop-1] .s.DelegatingFilterProxyRegistrationBean : Mapping filter: 'springSecurityFilterChain' to: [/*]
2018-04-04 08:40:12.354  INFO 16796 --- [localhost-startStop-1] o.s.b.w.servlet.ServletRegistrationBean  : Mapping servlet: 'dispatcherServlet' to [/]
2018-04-04 08:40:12.878  INFO 16796 --- [restartedMain] j.LocalContainerEntityManagerFactoryBean : Building JPA container EntityManagerFactory for persistence unit 'default'
2018-04-04 08:40:12.890  INFO 16796 --- [restartedMain] o.hibernate.jpa.internal.util.LogHelper  : HHH000204: Processing PersistenceUnitInfo [
	name: default
	...]
2018-04-04 08:40:12.958  INFO 16796 --- [restartedMain] org.hibernate.Version                    : HHH000412: Hibernate Core {5.0.12.Final}
2018-04-04 08:40:12.960  INFO 16796 --- [restartedMain] org.hibernate.cfg.Environment            : HHH000206: hibernate.properties not found
2018-04-04 08:40:12.961  INFO 16796 --- [restartedMain] org.hibernate.cfg.Environment            : HHH000021: Bytecode provider name : javassist
2018-04-04 08:40:12.991  INFO 16796 --- [restartedMain] o.hibernate.annotations.common.Version   : HCANN000001: Hibernate Commons Annotations {5.0.1.Final}
2018-04-04 08:40:13.073  INFO 16796 --- [restartedMain] org.hibernate.dialect.Dialect            : HHH000400: Using dialect: org.hibernate.dialect.MySQL5Dialect
2018-04-04 08:40:13.548  INFO 16796 --- [restartedMain] org.hibernate.tool.hbm2ddl.SchemaExport  : HHH000227: Running hbm2ddl schema export
2018-04-04 08:40:20.448  INFO 16796 --- [restartedMain] org.hibernate.tool.hbm2ddl.SchemaExport  : HHH000230: Schema export complete
2018-04-04 08:40:20.474  INFO 16796 --- [restartedMain] j.LocalContainerEntityManagerFactoryBean : Initialized JPA EntityManagerFactory for persistence unit 'default'
2018-04-04 08:40:20.775  INFO 16796 --- [restartedMain] o.h.h.i.QueryTranslatorFactoryInitiator  : HHH000397: Using ASTQueryTranslatorFactory
2018-04-04 08:40:21.252  INFO 16796 --- [restartedMain] o.s.s.web.DefaultSecurityFilterChain     : Creating filter chain: org.springframework.security.web.util.matcher.AnyRequestMatcher@1, [org.springframework.security.web.context.request.async.WebAsyncManagerIntegrationFilter@3e7f6cd8, org.springframework.security.web.context.SecurityContextPersistenceFilter@25b32dbe, org.springframework.security.web.header.HeaderWriterFilter@6f469ce, org.springframework.security.web.authentication.logout.LogoutFilter@164f26fc, org.springframework.security.web.authentication.UsernamePasswordAuthenticationFilter@7fbd5e54, org.springframework.security.web.authentication.ui.DefaultLoginPageGeneratingFilter@2ce5995, org.springframework.security.web.savedrequest.RequestCacheAwareFilter@33ae54f7, org.springframework.security.web.servletapi.SecurityContextHolderAwareRequestFilter@1e1a25e2, org.springframework.security.web.authentication.AnonymousAuthenticationFilter@46600ad7, org.springframework.security.web.session.SessionManagementFilter@742b28dd, org.springframework.security.web.access.ExceptionTranslationFilter@62007f81, org.springframework.security.web.access.intercept.FilterSecurityInterceptor@4b230782]
2018-04-04 08:40:21.482  INFO 16796 --- [restartedMain] s.w.s.m.m.a.RequestMappingHandlerAdapter : Looking for @ControllerAdvice: org.springframework.boot.context.embedded.AnnotationConfigEmbeddedWebApplicationContext@7aa8b630: startup date [Wed Apr 04 08:40:10 IST 2018]; root of context hierarchy
2018-04-04 08:40:21.545  INFO 16796 --- [restartedMain] s.w.s.m.m.a.RequestMappingHandlerMapping : Mapped "{[/addcurrancy],methods=[POST]}" onto public org.springframework.http.ResponseEntity<java.lang.Object> com.crud.demo.conroller.CoinManagementController.addCurrancy(com.crud.demo.model.CoinManagement)
2018-04-04 08:40:21.547  INFO 16796 --- [restartedMain] s.w.s.m.m.a.RequestMappingHandlerMapping : Mapped "{[/getallcurrency]}" onto public org.springframework.http.ResponseEntity<java.lang.Object> com.crud.demo.conroller.CoinManagementController.getAllCurrency()
2018-04-04 08:40:21.547  INFO 16796 --- [restartedMain] s.w.s.m.m.a.RequestMappingHandlerMapping : Mapped "{[/updatecurrency],methods=[POST]}" onto public org.springframework.http.ResponseEntity<java.lang.Object> com.crud.demo.conroller.CoinManagementController.updateCurrency(com.crud.demo.model.CoinManagement)
2018-04-04 08:40:21.548  INFO 16796 --- [restartedMain] s.w.s.m.m.a.RequestMappingHandlerMapping : Mapped "{[/deletecurrency]}" onto public org.springframework.http.ResponseEntity<java.lang.Object> com.crud.demo.conroller.CoinManagementController.deleteCurrency(java.lang.Integer)
2018-04-04 08:40:21.548  INFO 16796 --- [restartedMain] s.w.s.m.m.a.RequestMappingHandlerMapping : Mapped "{[/sendotp]}" onto public void com.crud.demo.conroller.OPTSMSConroller.sendOTPSMS(java.lang.String)
2018-04-04 08:40:21.549  INFO 16796 --- [restartedMain] s.w.s.m.m.a.RequestMappingHandlerMapping : Mapped "{[/verifyotp]}" onto public void com.crud.demo.conroller.OPTSMSConroller.verifyOTPSMS(java.lang.String)
2018-04-04 08:40:21.549  INFO 16796 --- [restartedMain] s.w.s.m.m.a.RequestMappingHandlerMapping : Mapped "{[/createrole],methods=[POST]}" onto public java.lang.String com.crud.demo.conroller.RoleController.createRole(com.crud.demo.model.Role)
2018-04-04 08:40:21.550  INFO 16796 --- [restartedMain] s.w.s.m.m.a.RequestMappingHandlerMapping : Mapped "{[/assignrole],methods=[POST]}" onto public void com.crud.demo.conroller.RoleController.assignRole(com.crud.demo.dto.UserRoleDTO)
2018-04-04 08:40:21.552  INFO 16796 --- [restartedMain] s.w.s.m.m.a.RequestMappingHandlerMapping : Mapped "{[/signup],methods=[POST]}" onto public org.springframework.http.ResponseEntity<java.lang.Object> com.crud.demo.conroller.UserController.addUser(com.crud.demo.model.User,java.lang.String)
2018-04-04 08:40:21.553  INFO 16796 --- [restartedMain] s.w.s.m.m.a.RequestMappingHandlerMapping : Mapped "{[/getbyuserid]}" onto public org.springframework.http.ResponseEntity<java.lang.Object> com.crud.demo.conroller.UserController.getUserById(java.lang.Integer,java.lang.String)
2018-04-04 08:40:21.553  INFO 16796 --- [restartedMain] s.w.s.m.m.a.RequestMappingHandlerMapping : Mapped "{[/getallusers]}" onto public org.springframework.http.ResponseEntity<java.lang.Object> com.crud.demo.conroller.UserController.getAllUser()
2018-04-04 08:40:21.554  INFO 16796 --- [restartedMain] s.w.s.m.m.a.RequestMappingHandlerMapping : Mapped "{[/updateuser],methods=[POST]}" onto public void com.crud.demo.conroller.UserController.updateUserById(com.crud.demo.model.User)
2018-04-04 08:40:21.554  INFO 16796 --- [restartedMain] s.w.s.m.m.a.RequestMappingHandlerMapping : Mapped "{[/deleteuser]}" onto public void com.crud.demo.conroller.UserController.deleteUserById(java.lang.Integer)
2018-04-04 08:40:21.555  INFO 16796 --- [restartedMain] s.w.s.m.m.a.RequestMappingHandlerMapping : Mapped "{[/depositamount]}" onto public java.lang.String com.crud.demo.conroller.UserWalletController.depositAmount(com.crud.demo.model.UserWallet)
2018-04-04 08:40:21.555  INFO 16796 --- [restartedMain] s.w.s.m.m.a.RequestMappingHandlerMapping : Mapped "{[/addwallet]}" onto public java.lang.String com.crud.demo.conroller.UserWalletController.createWallet(com.crud.demo.model.User)
2018-04-04 08:40:21.560  INFO 16796 --- [restartedMain] s.w.s.m.m.a.RequestMappingHandlerMapping : Mapped "{[/error],produces=[text/html]}" onto public org.springframework.web.servlet.ModelAndView org.springframework.boot.autoconfigure.web.BasicErrorController.errorHtml(javax.servlet.http.HttpServletRequest,javax.servlet.http.HttpServletResponse)
2018-04-04 08:40:21.561  INFO 16796 --- [restartedMain] s.w.s.m.m.a.RequestMappingHandlerMapping : Mapped "{[/error]}" onto public org.springframework.http.ResponseEntity<java.util.Map<java.lang.String, java.lang.Object>> org.springframework.boot.autoconfigure.web.BasicErrorController.error(javax.servlet.http.HttpServletRequest)
2018-04-04 08:40:21.593  INFO 16796 --- [restartedMain] o.s.w.s.handler.SimpleUrlHandlerMapping  : Mapped URL path [/webjars/**] onto handler of type [class org.springframework.web.servlet.resource.ResourceHttpRequestHandler]
2018-04-04 08:40:21.594  INFO 16796 --- [restartedMain] o.s.w.s.handler.SimpleUrlHandlerMapping  : Mapped URL path [/**] onto handler of type [class org.springframework.web.servlet.resource.ResourceHttpRequestHandler]
2018-04-04 08:40:21.629  INFO 16796 --- [restartedMain] o.s.w.s.handler.SimpleUrlHandlerMapping  : Mapped URL path [/**/favicon.ico] onto handler of type [class org.springframework.web.servlet.resource.ResourceHttpRequestHandler]
2018-04-04 08:40:21.876  INFO 16796 --- [restartedMain] o.s.b.d.a.OptionalLiveReloadServer       : LiveReload server is running on port 35729
2018-04-04 08:40:21.933  INFO 16796 --- [restartedMain] o.s.j.e.a.AnnotationMBeanExporter        : Registering beans for JMX exposure on startup
2018-04-04 08:40:21.976  INFO 16796 --- [restartedMain] s.b.c.e.t.TomcatEmbeddedServletContainer : Tomcat started on port(s): 8080 (http)
2018-04-04 08:40:21.982  INFO 16796 --- [restartedMain] TrainingProjectCrudManytoManyApplication : Started MohitJainTrainingProjectCrudManytoManyApplication in 11.815 seconds (JVM running for 12.525)
2018-04-04 08:40:53.286  INFO 16796 --- [http-nio-8080-exec-2] o.a.c.c.C.[Tomcat].[localhost].[/]       : Initializing Spring FrameworkServlet 'dispatcherServlet'
2018-04-04 08:40:53.286  INFO 16796 --- [http-nio-8080-exec-2] o.s.web.servlet.DispatcherServlet        : FrameworkServlet 'dispatcherServlet': initialization started
2018-04-04 08:40:53.300  INFO 16796 --- [http-nio-8080-exec-2] o.s.web.servlet.DispatcherServlet        : FrameworkServlet 'dispatcherServlet': initialization completed in 14 ms
2018-04-04 08:40:53.745  WARN 16796 --- [http-nio-8080-exec-2] com.crud.demo.service.UserService        : warn
2018-04-04 08:40:53.746  INFO 16796 --- [http-nio-8080-exec-2] com.crud.demo.service.UserService        : info logger
2018-04-04 08:40:53.747 ERROR 16796 --- [http-nio-8080-exec-2] com.crud.demo.service.UserService        : error
2018-04-04 08:54:07.352  INFO 16796 --- [Thread-7] ationConfigEmbeddedWebApplicationContext : Closing org.springframework.boot.context.embedded.AnnotationConfigEmbeddedWebApplicationContext@7aa8b630: startup date [Wed Apr 04 08:40:10 IST 2018]; root of context hierarchy
2018-04-04 08:54:07.361  INFO 16796 --- [Thread-7] o.s.j.e.a.AnnotationMBeanExporter        : Unregistering JMX-exposed beans on shutdown
2018-04-04 08:54:07.376  INFO 16796 --- [Thread-7] j.LocalContainerEntityManagerFactoryBean : Closing JPA EntityManagerFactory for persistence unit 'default'
